<?xml version="1.0" encoding="UTF-8"?>
<testng-results ignored="0" total="1" passed="1" failed="0" skipped="0">
  <reporter-output>
  </reporter-output>
  <suite started-at="2023-10-12T12:11:52 IST" name="Suite" finished-at="2023-10-12T12:12:09 IST" duration-ms="17697">
    <groups>
    </groups>
    <test started-at="2023-10-12T12:11:52 IST" name="Test" finished-at="2023-10-12T12:12:09 IST" duration-ms="17697">
      <class name="Tests.Testng">
        <test-method is-config="true" signature="launchbrowser(java.lang.String)[pri:0, instance:Tests.Testng@6025e1b6]" started-at="2023-10-12T12:11:52 IST" name="launchbrowser" finished-at="2023-10-12T12:11:59 IST" duration-ms="7372" status="PASS">
          <params>
            <param index="0">
              <value>
                <![CDATA[Edge]]>
              </value>
            </param>
          </params>
          <reporter-output>
          </reporter-output>
        </test-method> <!-- launchbrowser -->
        <test-method is-config="true" signature="pom()[pri:0, instance:Tests.Testng@6025e1b6]" started-at="2023-10-12T12:11:59 IST" name="pom" finished-at="2023-10-12T12:11:59 IST" duration-ms="54" status="PASS">
          <reporter-output>
          </reporter-output>
        </test-method> <!-- pom -->
        <test-method is-config="true" signature="url()[pri:0, instance:Tests.Testng@6025e1b6]" started-at="2023-10-12T12:11:59 IST" name="url" finished-at="2023-10-12T12:12:05 IST" duration-ms="5844" status="PASS">
          <reporter-output>
          </reporter-output>
        </test-method> <!-- url -->
        <test-method signature="cardekho()[pri:0, instance:Tests.Testng@6025e1b6]" started-at="2023-10-12T12:12:05 IST" name="cardekho" finished-at="2023-10-12T12:12:09 IST" duration-ms="3954" status="PASS">
          <reporter-output>
          </reporter-output>
        </test-method> <!-- cardekho -->
        <test-method is-config="true" signature="afterMethod()[pri:0, instance:Tests.Testng@6025e1b6]" started-at="2023-10-12T12:12:09 IST" name="afterMethod" finished-at="2023-10-12T12:12:09 IST" duration-ms="388" status="PASS">
          <reporter-output>
          </reporter-output>
        </test-method> <!-- afterMethod -->
      </class> <!-- Tests.Testng -->
    </test> <!-- Test -->
  </suite> <!-- Suite -->
</testng-results>
