<?xml version="1.0" encoding="UTF-8"?>
<testng-results ignored="0" total="2" passed="2" failed="0" skipped="0">
  <reporter-output>
  </reporter-output>
  <suite started-at="2023-09-21T14:19:12 IST" name="Suite" finished-at="2023-09-21T14:19:40 IST" duration-ms="27812">
    <groups>
    </groups>
    <test started-at="2023-09-21T14:19:12 IST" name="Test" finished-at="2023-09-21T14:19:40 IST" duration-ms="27812">
      <class name="Tests.TesstNg">
        <test-method is-config="true" signature="browser()[pri:0, instance:Tests.TesstNg@2b71e916]" started-at="2023-09-21T14:19:12 IST" name="browser" finished-at="2023-09-21T14:19:16 IST" duration-ms="4245" status="PASS">
          <reporter-output>
          </reporter-output>
        </test-method> <!-- browser -->
        <test-method is-config="true" signature="url()[pri:0, instance:Tests.TesstNg@2b71e916]" started-at="2023-09-21T14:19:16 IST" name="url" finished-at="2023-09-21T14:19:30 IST" duration-ms="13508" status="PASS">
          <reporter-output>
          </reporter-output>
        </test-method> <!-- url -->
        <test-method signature="test2()[pri:1, instance:Tests.TesstNg@2b71e916]" started-at="2023-09-21T14:19:30 IST" name="test2" finished-at="2023-09-21T14:19:31 IST" duration-ms="833" status="PASS">
          <reporter-output>
          </reporter-output>
        </test-method> <!-- test2 -->
        <test-method is-config="true" signature="am()[pri:0, instance:Tests.TesstNg@2b71e916]" started-at="2023-09-21T14:19:31 IST" name="am" finished-at="2023-09-21T14:19:31 IST" duration-ms="2" status="PASS">
          <reporter-output>
          </reporter-output>
        </test-method> <!-- am -->
        <test-method is-config="true" signature="url()[pri:0, instance:Tests.TesstNg@2b71e916]" started-at="2023-09-21T14:19:31 IST" name="url" finished-at="2023-09-21T14:19:38 IST" duration-ms="7461" status="PASS">
          <reporter-output>
          </reporter-output>
        </test-method> <!-- url -->
        <test-method signature="test1()[pri:2, instance:Tests.TesstNg@2b71e916]" started-at="2023-09-21T14:19:38 IST" name="test1" finished-at="2023-09-21T14:19:40 IST" duration-ms="1578" status="PASS">
          <reporter-output>
          </reporter-output>
        </test-method> <!-- test1 -->
        <test-method is-config="true" signature="am()[pri:0, instance:Tests.TesstNg@2b71e916]" started-at="2023-09-21T14:19:40 IST" name="am" finished-at="2023-09-21T14:19:40 IST" duration-ms="1" status="PASS">
          <reporter-output>
          </reporter-output>
        </test-method> <!-- am -->
        <test-method is-config="true" signature="ac()[pri:0, instance:Tests.TesstNg@2b71e916]" started-at="2023-09-21T14:19:40 IST" name="ac" finished-at="2023-09-21T14:19:40 IST" duration-ms="1" status="PASS">
          <reporter-output>
          </reporter-output>
        </test-method> <!-- ac -->
      </class> <!-- Tests.TesstNg -->
    </test> <!-- Test -->
  </suite> <!-- Suite -->
</testng-results>
